<?xml version="1.0" encoding="UTF-8"?>
<!-- Generated by org.testng.reporters.JUnitXMLReporter -->
<testsuite hostname="DESKTOP-5QK9A1K" ignored="0" name="Surefire test" tests="1" failures="1" timestamp="03 Jun 2020 08:13:12 GMT" time="25.564" errors="0">
  <testcase name="UpdateAppPositive" time="5.017" classname="test.DownloadAppTest">
    <failure type="java.lang.AssertionError" message="null">
      <![CDATA[java.lang.AssertionError: null
at test.DownloadAppTest.UpdateAppPositive(DownloadAppTest.java:32)
... Removed 31 stack frames]]>
    </failure>
  </testcase> <!-- UpdateAppPositive -->
</testsuite> <!-- Surefire test -->
